TN:
SF:src\App.jsx
FN:34,(anonymous_0)
FN:38,(anonymous_1)
FN:42,(anonymous_2)
FN:46,AppContent
FN:66,(anonymous_4)
FN:73,(anonymous_5)
FN:80,(anonymous_6)
FN:86,(anonymous_7)
FN:93,(anonymous_8)
FN:97,(anonymous_9)
FN:100,(anonymous_10)
FN:105,(anonymous_11)
FN:173,App
FN:186,SyncProviderWrapper
FN:192,(anonymous_14)
FN:202,(anonymous_15)
FNF:16
FNH:5
FNDA:0,(anonymous_0)
FNDA:1,(anonymous_1)
FNDA:1,(anonymous_2)
FNDA:5,AppContent
FNDA:0,(anonymous_4)
FNDA:0,(anonymous_5)
FNDA:0,(anonymous_6)
FNDA:0,(anonymous_7)
FNDA:0,(anonymous_8)
FNDA:0,(anonymous_9)
FNDA:0,(anonymous_10)
FNDA:0,(anonymous_11)
FNDA:5,App
FNDA:5,SyncProviderWrapper
FNDA:0,(anonymous_14)
FNDA:0,(anonymous_15)
DA:34,1
DA:35,0
DA:38,1
DA:39,1
DA:42,1
DA:43,1
DA:47,5
DA:63,5
DA:66,5
DA:67,0
DA:73,5
DA:74,0
DA:80,5
DA:81,0
DA:86,5
DA:87,0
DA:88,0
DA:90,0
DA:93,0
DA:97,5
DA:98,0
DA:100,0
DA:101,0
DA:105,5
DA:106,0
DA:109,5
DA:174,5
DA:187,5
DA:188,5
DA:191,5
DA:193,0
DA:202,5
DA:204,5
DA:211,1
LF:34
LH:21
BRDA:92,0,0,0
BRDA:92,0,1,0
BRDA:133,1,0,5
BRDA:133,1,1,0
BRDA:158,2,0,5
BRDA:158,2,1,5
BRDA:159,3,0,5
BRDA:159,3,1,0
BRDA:163,4,0,5
BRDA:163,4,1,0
BRF:10
BRH:5
end_of_record
TN:
SF:src\components\Board.jsx
FN:60,Board
FN:94,(anonymous_1)
FN:110,(anonymous_2)
FN:134,(anonymous_3)
FN:191,(anonymous_4)
FN:192,(anonymous_5)
FN:194,(anonymous_6)
FN:213,(anonymous_7)
FN:231,(anonymous_8)
FN:231,(anonymous_9)
FNF:10
FNH:8
FNDA:30,Board
FNDA:9,(anonymous_1)
FNDA:1,(anonymous_2)
FNDA:7,(anonymous_3)
FNDA:30,(anonymous_4)
FNDA:84,(anonymous_5)
FNDA:68,(anonymous_6)
FNDA:84,(anonymous_7)
FNDA:0,(anonymous_8)
FNDA:0,(anonymous_9)
DA:70,30
DA:73,30
DA:93,30
DA:95,9
DA:96,12
DA:97,8
DA:100,1
DA:109,30
DA:111,1
DA:112,1
DA:113,1
DA:114,1
DA:133,30
DA:135,7
DA:138,7
DA:141,7
DA:142,1
DA:145,6
DA:146,6
DA:149,6
DA:150,6
DA:151,1
DA:159,5
DA:161,3
DA:162,3
DA:163,3
DA:167,2
DA:169,1
DA:170,1
DA:172,1
DA:176,4
DA:177,2
DA:178,2
DA:179,2
DA:180,1
DA:184,3
DA:190,30
DA:192,30
DA:193,84
DA:194,84
DA:195,84
DA:200,30
DA:214,84
DA:239,2
LF:44
LH:44
BRDA:96,0,0,8
BRDA:96,0,1,4
BRDA:113,1,0,1
BRDA:113,1,1,0
BRDA:141,2,0,1
BRDA:141,2,1,6
BRDA:150,3,0,1
BRDA:150,3,1,5
BRDA:159,4,0,3
BRDA:159,4,1,2
BRDA:167,5,0,1
BRDA:167,5,1,1
BRDA:176,6,0,2
BRDA:176,6,1,2
BRDA:179,7,0,1
BRDA:179,7,1,1
BRDA:229,8,0,0
BRDA:229,8,1,30
BRF:18
BRH:16
end_of_record
TN:
SF:src\components\Card.jsx
FN:49,(anonymous_0)
FN:51,Card
FN:64,(anonymous_2)
FN:73,(anonymous_3)
FN:79,(anonymous_4)
FN:89,(anonymous_5)
FN:133,(anonymous_6)
FN:186,arePropsEqual
FNF:8
FNH:7
FNDA:41,(anonymous_0)
FNDA:22,Card
FNDA:22,(anonymous_2)
FNDA:1,(anonymous_3)
FNDA:3,(anonymous_4)
FNDA:2,(anonymous_5)
FNDA:41,(anonymous_6)
FNDA:0,arePropsEqual
DA:34,2
DA:49,41
DA:53,22
DA:63,22
DA:64,22
DA:73,22
DA:74,1
DA:78,22
DA:80,3
DA:81,2
DA:88,22
DA:90,2
DA:91,2
DA:96,22
DA:134,41
DA:165,2
DA:188,0
DA:189,0
DA:190,0
DA:191,0
DA:194,0
DA:195,0
DA:196,0
DA:197,0
DA:198,0
DA:201,0
LF:26
LH:16
BRDA:49,0,0,41
BRDA:49,0,1,1
BRDA:67,1,0,0
BRDA:67,1,1,22
BRDA:80,2,0,2
BRDA:80,2,1,1
BRDA:80,3,0,3
BRDA:80,3,1,2
BRDA:101,4,0,0
BRDA:101,4,1,22
BRDA:126,5,0,22
BRDA:126,5,1,21
BRDA:131,6,0,22
BRDA:131,6,1,22
BRDA:131,6,2,21
BRDA:188,7,0,0
BRDA:188,7,1,0
BRDA:189,8,0,0
BRDA:189,8,1,0
BRDA:190,9,0,0
BRDA:190,9,1,0
BRDA:191,10,0,0
BRDA:191,10,1,0
BRDA:194,11,0,0
BRDA:194,11,1,0
BRDA:195,12,0,0
BRDA:195,12,1,0
BRDA:196,13,0,0
BRDA:196,13,1,0
BRDA:198,14,0,0
BRDA:198,14,1,0
BRF:31
BRH:13
end_of_record
TN:
SF:src\components\CardDetailModal.jsx
FN:48,CardDetailModal
FN:64,(anonymous_1)
FN:66,(anonymous_2)
FN:72,(anonymous_3)
FN:82,(anonymous_4)
FN:92,(anonymous_5)
FN:93,(anonymous_6)
FN:103,(anonymous_7)
FN:109,(anonymous_8)
FN:179,(anonymous_9)
FN:212,(anonymous_10)
FN:229,(anonymous_11)
FNF:12
FNH:12
FNDA:169,CardDetailModal
FNDA:28,(anonymous_1)
FNDA:28,(anonymous_2)
FNDA:9,(anonymous_3)
FNDA:9,(anonymous_4)
FNDA:12,(anonymous_5)
FNDA:12,(anonymous_6)
FNDA:1,(anonymous_7)
FNDA:127,(anonymous_8)
FNDA:49,(anonymous_9)
FNDA:36,(anonymous_10)
FNDA:52,(anonymous_11)
DA:50,169
DA:51,169
DA:52,169
DA:53,169
DA:56,169
DA:64,169
DA:65,28
DA:66,28
DA:67,28
DA:72,169
DA:73,9
DA:74,3
DA:76,6
DA:77,1
DA:79,5
DA:82,169
DA:83,9
DA:84,9
DA:85,4
DA:86,4
DA:90,5
DA:92,12
DA:93,12
DA:95,5
DA:100,5
DA:103,169
DA:104,1
DA:105,1
DA:109,169
DA:110,127
DA:111,1
DA:112,1
DA:116,169
DA:180,49
DA:181,49
DA:212,36
DA:229,52
DA:297,1
LF:38
LH:38
BRDA:51,0,0,169
BRDA:51,0,1,1
BRDA:52,1,0,169
BRDA:52,1,1,1
BRDA:73,2,0,3
BRDA:73,2,1,6
BRDA:76,3,0,1
BRDA:76,3,1,5
BRDA:84,4,0,4
BRDA:84,4,1,5
BRDA:110,5,0,1
BRDA:110,5,1,126
BRDA:110,6,0,127
BRDA:110,6,1,1
BRDA:110,6,2,0
BRDA:181,7,0,1
BRDA:181,7,1,48
BRDA:184,8,0,4
BRDA:184,8,1,165
BRDA:190,9,0,4
BRDA:190,9,1,165
BRDA:191,10,0,4
BRDA:191,10,1,165
BRDA:194,11,0,169
BRDA:194,11,1,4
BRDA:245,12,0,169
BRDA:245,12,1,168
BRF:27
BRH:26
end_of_record
TN:
SF:src\components\ConfirmDialog.jsx
FN:34,ConfirmDialog
FN:46,(anonymous_1)
FN:49,(anonymous_2)
FN:56,(anonymous_3)
FN:59,(anonymous_4)
FN:70,(anonymous_5)
FN:165,(anonymous_6)
FNF:7
FNH:3
FNDA:4,ConfirmDialog
FNDA:4,(anonymous_1)
FNDA:0,(anonymous_2)
FNDA:4,(anonymous_3)
FNDA:0,(anonymous_4)
FNDA:0,(anonymous_5)
FNDA:0,(anonymous_6)
DA:35,4
DA:38,4
DA:46,4
DA:47,4
DA:49,0
DA:50,0
DA:56,4
DA:57,4
DA:58,0
DA:59,0
DA:60,0
DA:66,4
DA:67,4
DA:70,0
DA:71,0
DA:72,0
DA:75,0
DA:156,1
DA:164,1
LF:19
LH:10
BRDA:47,0,0,0
BRDA:47,0,1,4
BRDA:47,1,0,4
BRDA:47,1,1,0
BRDA:57,2,0,0
BRDA:57,2,1,4
BRDA:66,3,0,4
BRDA:66,3,1,0
BRF:8
BRH:4
end_of_record
TN:
SF:src\components\ConflictResolutionModal.jsx
FN:45,(anonymous_0)
FN:62,(anonymous_1)
FN:80,(anonymous_2)
FN:86,(anonymous_3)
FN:92,(anonymous_4)
FN:100,(anonymous_5)
FN:107,(anonymous_6)
FN:189,(anonymous_7)
FN:201,(anonymous_8)
FN:214,(anonymous_9)
FN:232,(anonymous_10)
FN:251,(anonymous_11)
FN:252,(anonymous_12)
FN:268,(anonymous_13)
FN:310,(anonymous_14)
FN:333,(anonymous_15)
FN:335,(anonymous_16)
FN:342,(anonymous_17)
FN:345,(anonymous_18)
FN:352,(anonymous_19)
FN:364,(anonymous_20)
FN:402,(anonymous_21)
FN:427,(anonymous_22)
FN:428,(anonymous_23)
FN:438,(anonymous_24)
FN:439,(anonymous_25)
FN:450,(anonymous_26)
FN:501,(anonymous_27)
FN:533,(anonymous_28)
FNF:29
FNH:4
FNDA:0,(anonymous_0)
FNDA:0,(anonymous_1)
FNDA:0,(anonymous_2)
FNDA:0,(anonymous_3)
FNDA:0,(anonymous_4)
FNDA:0,(anonymous_5)
FNDA:0,(anonymous_6)
FNDA:0,(anonymous_7)
FNDA:0,(anonymous_8)
FNDA:0,(anonymous_9)
FNDA:0,(anonymous_10)
FNDA:0,(anonymous_11)
FNDA:0,(anonymous_12)
FNDA:0,(anonymous_13)
FNDA:4,(anonymous_14)
FNDA:4,(anonymous_15)
FNDA:0,(anonymous_16)
FNDA:4,(anonymous_17)
FNDA:0,(anonymous_18)
FNDA:4,(anonymous_19)
FNDA:0,(anonymous_20)
FNDA:0,(anonymous_21)
FNDA:0,(anonymous_22)
FNDA:0,(anonymous_23)
FNDA:0,(anonymous_24)
FNDA:0,(anonymous_25)
FNDA:0,(anonymous_26)
FNDA:0,(anonymous_27)
FNDA:0,(anonymous_28)
DA:45,1
DA:46,0
DA:47,0
DA:49,0
DA:50,0
DA:51,0
DA:53,0
DA:54,0
DA:56,0
DA:62,1
DA:63,0
DA:65,0
DA:67,0
DA:69,0
DA:71,0
DA:73,0
DA:80,1
DA:81,0
DA:82,0
DA:83,0
DA:86,0
DA:87,0
DA:88,0
DA:92,0
DA:93,0
DA:94,0
DA:96,0
DA:100,0
DA:101,0
DA:103,0
DA:104,0
DA:105,0
DA:107,0
DA:110,0
DA:113,0
DA:114,0
DA:117,0
DA:118,0
DA:120,0
DA:189,0
DA:201,0
DA:215,0
DA:218,0
DA:232,0
DA:251,0
DA:253,0
DA:254,0
DA:268,0
DA:287,1
DA:310,1
DA:321,4
DA:322,4
DA:325,4
DA:333,4
DA:334,4
DA:335,0
DA:336,0
DA:342,4
DA:343,4
DA:344,0
DA:345,0
DA:346,0
DA:352,4
DA:353,4
DA:355,0
DA:356,0
DA:358,0
DA:359,0
DA:364,4
DA:365,4
DA:367,4
DA:369,0
DA:402,0
DA:428,0
DA:429,0
DA:439,0
DA:440,0
DA:451,0
DA:502,0
DA:534,0
DA:535,0
DA:560,1
LF:82
LH:18
BRDA:46,0,0,0
BRDA:46,0,1,0
BRDA:46,1,0,0
BRDA:46,1,1,0
BRDA:49,2,0,0
BRDA:49,2,1,0
BRDA:50,3,0,0
BRDA:50,3,1,0
BRDA:53,4,0,0
BRDA:53,4,1,0
BRDA:63,5,0,0
BRDA:63,5,1,0
BRDA:63,5,2,0
BRDA:63,5,3,0
BRDA:63,5,4,0
BRDA:87,6,0,0
BRDA:87,6,1,0
BRDA:87,7,0,0
BRDA:87,7,1,0
BRDA:93,8,0,0
BRDA:93,8,1,0
BRDA:103,9,0,0
BRDA:103,9,1,0
BRDA:103,10,0,0
BRDA:103,10,1,0
BRDA:123,11,0,0
BRDA:123,11,1,0
BRDA:133,12,0,0
BRDA:133,12,1,0
BRDA:142,13,0,0
BRDA:142,13,1,0
BRDA:145,14,0,0
BRDA:145,14,1,0
BRDA:185,15,0,0
BRDA:185,15,1,0
BRDA:191,16,0,0
BRDA:191,16,1,0
BRDA:203,17,0,0
BRDA:203,17,1,0
BRDA:211,18,0,0
BRDA:211,18,1,0
BRDA:211,18,2,0
BRDA:216,19,0,0
BRDA:216,19,1,0
BRDA:216,20,0,0
BRDA:216,20,1,0
BRDA:221,21,0,0
BRDA:221,21,1,0
BRDA:241,22,0,0
BRDA:241,22,1,0
BRDA:253,23,0,0
BRDA:253,23,1,0
BRDA:254,24,0,0
BRDA:254,24,1,0
BRDA:277,25,0,0
BRDA:277,25,1,0
BRDA:277,25,2,0
BRDA:334,26,0,0
BRDA:334,26,1,4
BRDA:334,27,0,4
BRDA:334,27,1,0
BRDA:343,28,0,0
BRDA:343,28,1,4
BRDA:353,29,0,4
BRDA:353,29,1,0
BRDA:353,30,0,4
BRDA:353,30,1,0
BRDA:353,30,2,0
BRDA:367,31,0,4
BRDA:367,31,1,0
BRDA:394,32,0,0
BRDA:394,32,1,0
BRDA:404,33,0,0
BRDA:404,33,1,0
BRDA:410,34,0,0
BRDA:410,34,1,0
BRDA:416,35,0,0
BRDA:416,35,1,0
BRDA:464,36,0,0
BRDA:464,36,1,0
BRDA:469,37,0,0
BRDA:469,37,1,0
BRDA:472,38,0,0
BRDA:472,38,1,0
BRDA:484,39,0,0
BRDA:484,39,1,0
BRDA:488,40,0,0
BRDA:488,40,1,0
BRDA:503,41,0,0
BRDA:503,41,1,0
BRDA:526,42,0,0
BRDA:526,42,1,0
BRDA:534,43,0,0
BRDA:534,43,1,0
BRDA:540,44,0,0
BRDA:540,44,1,0
BRF:96
BRH:6
end_of_record
TN:
SF:src\components\Header.jsx
FN:16,Header
FNF:1
FNH:1
FNDA:5,Header
DA:17,5
DA:53,1
DA:57,1
LF:3
LH:3
BRDA:44,0,0,5
BRDA:44,0,1,5
BRF:2
BRH:2
end_of_record
TN:
SF:src\components\ListColumn.jsx
FN:36,ListColumn
FN:53,(anonymous_1)
FN:53,(anonymous_2)
FN:59,(anonymous_3)
FN:68,(anonymous_4)
FN:81,(anonymous_5)
FN:94,(anonymous_6)
FN:97,(anonymous_7)
FN:97,(anonymous_8)
FN:100,(anonymous_9)
FN:103,(anonymous_10)
FN:109,(anonymous_11)
FN:115,(anonymous_12)
FN:121,(anonymous_13)
FN:136,(anonymous_14)
FN:149,(anonymous_15)
FN:230,(anonymous_16)
FN:254,(anonymous_17)
FNF:18
FNH:16
FNDA:86,ListColumn
FNDA:36,(anonymous_1)
FNDA:40,(anonymous_2)
FNDA:2,(anonymous_3)
FNDA:2,(anonymous_4)
FNDA:19,(anonymous_5)
FNDA:3,(anonymous_6)
FNDA:3,(anonymous_7)
FNDA:3,(anonymous_8)
FNDA:0,(anonymous_9)
FNDA:1,(anonymous_10)
FNDA:1,(anonymous_11)
FNDA:1,(anonymous_12)
FNDA:4,(anonymous_13)
FNDA:20,(anonymous_14)
FNDA:0,(anonymous_15)
FNDA:140,(anonymous_16)
FNDA:14,(anonymous_17)
DA:37,86
DA:38,86
DA:39,86
DA:40,86
DA:41,86
DA:44,86
DA:53,86
DA:56,86
DA:59,86
DA:60,2
DA:61,2
DA:63,2
DA:67,86
DA:69,2
DA:70,2
DA:71,1
DA:72,1
DA:73,1
DA:80,86
DA:82,19
DA:83,1
DA:85,19
DA:86,0
DA:87,0
DA:94,86
DA:97,86
DA:100,86
DA:103,86
DA:104,1
DA:105,1
DA:109,86
DA:110,1
DA:111,1
DA:115,86
DA:116,1
DA:117,1
DA:121,86
DA:123,86
DA:136,20
DA:150,0
DA:151,0
DA:231,140
DA:254,14
DA:306,2
LF:44
LH:40
BRDA:60,0,0,2
BRDA:60,0,1,0
BRDA:60,1,0,2
BRDA:60,1,1,2
BRDA:70,2,0,1
BRDA:70,2,1,1
BRDA:82,3,0,1
BRDA:82,3,1,18
BRDA:85,4,0,0
BRDA:85,4,1,19
BRDA:126,5,0,0
BRDA:126,5,1,86
BRDA:132,6,0,24
BRDA:132,6,1,62
BRDA:150,7,0,0
BRDA:150,7,1,0
BRDA:174,8,0,86
BRDA:174,8,1,3
BRDA:218,9,0,0
BRDA:218,9,1,86
BRDA:243,10,0,86
BRDA:243,10,1,16
BRDA:243,10,2,16
BRDA:250,11,0,18
BRDA:250,11,1,68
BRDA:299,12,0,86
BRDA:299,12,1,3
BRF:27
BRH:21
end_of_record
TN:
SF:src\components\LoadingFallback.jsx
FN:31,Spinner
FN:72,ModalFallback
FN:94,CardDetailModalFallback
FN:149,ConflictResolutionModalFallback
FN:211,ConfirmDialogFallback
FN:238,ComponentFallback
FNF:6
FNH:2
FNDA:0,Spinner
FNDA:0,ModalFallback
FNDA:0,CardDetailModalFallback
FNDA:1,ConflictResolutionModalFallback
FNDA:1,ConfirmDialogFallback
FNDA:0,ComponentFallback
DA:32,0
DA:38,0
DA:63,1
DA:73,0
DA:95,0
DA:150,1
DA:212,1
DA:239,0
DA:251,1
LF:9
LH:4
BRDA:31,0,0,0
BRDA:31,1,0,0
BRDA:238,2,0,0
BRDA:238,3,0,0
BRF:4
BRH:0
end_of_record
TN:
SF:src\components\SyncStatus.jsx
FN:18,(anonymous_0)
FN:33,StatusDot
FN:49,SyncStatus
FNF:3
FNH:2
FNDA:0,(anonymous_0)
FNDA:5,StatusDot
FNDA:5,SyncStatus
DA:18,1
DA:19,0
DA:21,0
DA:22,0
DA:24,0
DA:25,0
DA:26,0
DA:27,0
DA:34,5
DA:42,1
DA:59,5
DA:61,5
DA:63,5
LF:13
LH:6
BRDA:19,0,0,0
BRDA:19,0,1,0
BRDA:24,1,0,0
BRDA:24,1,1,0
BRDA:25,2,0,0
BRDA:25,2,1,0
BRDA:26,3,0,0
BRDA:26,3,1,0
BRDA:36,4,0,5
BRDA:36,4,1,0
BRDA:68,5,0,5
BRDA:68,5,1,0
BRDA:69,6,0,5
BRDA:69,6,1,0
BRDA:74,7,0,5
BRDA:74,7,1,0
BRDA:88,8,0,5
BRDA:88,8,1,0
BRDA:110,9,0,5
BRDA:110,9,1,0
BRDA:129,10,0,5
BRDA:129,10,1,0
BRDA:129,10,2,0
BRDA:129,10,3,0
BRDA:129,10,4,0
BRDA:134,11,0,5
BRDA:134,11,1,5
BRDA:134,11,2,5
BRDA:153,12,0,5
BRDA:153,12,1,0
BRF:30
BRH:11
end_of_record
TN:
SF:src\components\Toolbar.jsx
FN:21,Toolbar
FN:25,(anonymous_1)
FN:34,(anonymous_2)
FN:47,(anonymous_3)
FN:66,(anonymous_4)
FNF:5
FNH:5
FNDA:100,Toolbar
FNDA:6,(anonymous_1)
FNDA:2,(anonymous_2)
FNDA:14,(anonymous_3)
FNDA:57,(anonymous_4)
DA:22,100
DA:23,100
DA:25,100
DA:26,6
DA:27,6
DA:28,4
DA:29,4
DA:30,4
DA:34,100
DA:35,2
DA:36,2
DA:39,100
DA:47,14
DA:66,57
DA:94,2
LF:15
LH:15
BRDA:27,0,0,4
BRDA:27,0,1,2
BRDA:45,1,0,29
BRDA:45,1,1,71
BRF:4
BRH:4
end_of_record
TN:
SF:src\components\VirtualizedCardList.jsx
FN:49,CardRow
FN:86,VirtualizedCardList
FN:98,(anonymous_2)
FN:100,(anonymous_3)
FN:106,(anonymous_4)
FN:112,(anonymous_5)
FN:122,(anonymous_6)
FN:122,(anonymous_7)
FN:129,(anonymous_8)
FN:130,(anonymous_9)
FN:139,(anonymous_10)
FN:154,(anonymous_11)
FN:220,useVirtualizedList
FN:224,(anonymous_13)
FNF:14
FNH:0
FNDA:0,CardRow
FNDA:0,VirtualizedCardList
FNDA:0,(anonymous_2)
FNDA:0,(anonymous_3)
FNDA:0,(anonymous_4)
FNDA:0,(anonymous_5)
FNDA:0,(anonymous_6)
FNDA:0,(anonymous_7)
FNDA:0,(anonymous_8)
FNDA:0,(anonymous_9)
FNDA:0,(anonymous_10)
FNDA:0,(anonymous_11)
FNDA:0,useVirtualizedList
FNDA:0,(anonymous_13)
DA:39,1
DA:42,1
DA:43,1
DA:49,1
DA:50,0
DA:51,0
DA:53,0
DA:55,0
DA:72,1
DA:93,0
DA:94,0
DA:95,0
DA:98,0
DA:99,0
DA:100,0
DA:101,0
DA:102,0
DA:105,0
DA:106,0
DA:111,0
DA:112,0
DA:122,0
DA:125,0
DA:128,0
DA:130,0
DA:131,0
DA:132,0
DA:139,0
DA:140,0
DA:141,0
DA:146,0
DA:147,0
DA:155,0
DA:169,0
DA:200,1
DA:221,0
DA:223,0
DA:225,0
DA:226,0
DA:227,0
DA:229,0
DA:234,0
LF:42
LH:6
BRDA:53,0,0,0
BRDA:53,0,1,0
BRDA:89,1,0,0
BRDA:99,2,0,0
BRDA:99,2,1,0
BRDA:131,3,0,0
BRDA:131,3,1,0
BRDA:131,4,0,0
BRDA:131,4,1,0
BRDA:140,5,0,0
BRDA:140,5,1,0
BRDA:146,6,0,0
BRDA:146,6,1,0
BRDA:191,7,0,0
BRDA:191,7,1,0
BRF:15
BRH:0
end_of_record
TN:
SF:src\context\BoardContext.js
FNF:0
FNH:0
DA:21,2
DA:22,2
DA:30,2
DA:31,2
LF:4
LH:4
BRF:0
BRH:0
end_of_record
TN:
SF:src\context\BoardProvider.jsx
FN:57,(anonymous_0)
FN:96,(anonymous_1)
FN:110,(anonymous_2)
FN:117,(anonymous_3)
FN:128,(anonymous_4)
FN:139,(anonymous_5)
FN:140,(anonymous_6)
FN:146,(anonymous_7)
FN:152,(anonymous_8)
FN:167,(anonymous_9)
FN:200,(anonymous_10)
FN:208,(anonymous_11)
FNF:12
FNH:10
FNDA:22,(anonymous_0)
FNDA:26,(anonymous_1)
FNDA:26,(anonymous_2)
FNDA:0,(anonymous_3)
FNDA:26,(anonymous_4)
FNDA:22,(anonymous_5)
FNDA:3,(anonymous_6)
FNDA:0,(anonymous_7)
FNDA:22,(anonymous_8)
FNDA:4,(anonymous_9)
FNDA:26,(anonymous_10)
FNDA:26,(anonymous_11)
DA:39,2
DA:40,2
DA:43,2
DA:57,2
DA:58,22
DA:60,22
DA:62,0
DA:80,22
DA:96,2
DA:98,26
DA:101,26
DA:104,26
DA:110,26
DA:112,26
DA:113,4
DA:117,26
DA:118,0
DA:120,0
DA:123,0
DA:128,26
DA:129,26
DA:130,26
DA:139,26
DA:140,22
DA:143,3
DA:146,22
DA:149,0
DA:152,22
DA:153,22
DA:154,22
DA:166,26
DA:169,4
DA:171,0
DA:173,0
DA:175,0
DA:179,4
DA:181,4
DA:184,4
DA:187,4
DA:188,4
DA:193,4
DA:199,26
DA:200,26
DA:208,26
DA:210,26
DA:219,2
LF:46
LH:38
BRDA:60,0,0,0
BRDA:60,0,1,22
BRDA:65,1,0,0
BRDA:65,1,1,0
BRDA:66,2,0,0
BRDA:66,2,1,0
BRDA:112,3,0,4
BRDA:112,3,1,22
BRDA:129,4,0,26
BRDA:129,4,1,0
BRDA:169,5,0,0
BRDA:169,5,1,4
BRDA:179,6,0,4
BRDA:179,6,1,0
BRDA:187,7,0,4
BRDA:187,7,1,0
BRF:16
BRH:7
end_of_record
TN:
SF:src\context\SyncContext.js
FNF:0
FNH:0
DA:26,1
DA:27,1
LF:2
LH:2
BRF:0
BRH:0
end_of_record
TN:
SF:src\context\SyncProvider.jsx
FN:44,(anonymous_0)
FN:60,(anonymous_1)
FN:69,(anonymous_2)
FN:72,(anonymous_3)
FN:91,(anonymous_4)
FN:195,(anonymous_5)
FN:207,(anonymous_6)
FN:219,(anonymous_7)
FN:243,(anonymous_8)
FN:251,(anonymous_9)
FN:262,(anonymous_10)
FN:266,(anonymous_11)
FN:275,(anonymous_12)
FN:276,(anonymous_13)
FN:288,(anonymous_14)
FN:289,(anonymous_15)
FN:299,(anonymous_16)
FN:309,(anonymous_17)
FN:318,(anonymous_18)
FN:319,(anonymous_19)
FN:326,(anonymous_20)
FN:340,(anonymous_21)
FN:350,(anonymous_22)
FN:352,(anonymous_23)
FN:360,(anonymous_24)
FNF:25
FNH:15
FNDA:5,(anonymous_0)
FNDA:5,(anonymous_1)
FNDA:5,(anonymous_2)
FNDA:5,(anonymous_3)
FNDA:0,(anonymous_4)
FNDA:0,(anonymous_5)
FNDA:0,(anonymous_6)
FNDA:0,(anonymous_7)
FNDA:0,(anonymous_8)
FNDA:0,(anonymous_9)
FNDA:5,(anonymous_10)
FNDA:5,(anonymous_11)
FNDA:5,(anonymous_12)
FNDA:0,(anonymous_13)
FNDA:5,(anonymous_14)
FNDA:0,(anonymous_15)
FNDA:0,(anonymous_16)
FNDA:5,(anonymous_17)
FNDA:5,(anonymous_18)
FNDA:5,(anonymous_19)
FNDA:0,(anonymous_20)
FNDA:5,(anonymous_21)
FNDA:5,(anonymous_22)
FNDA:5,(anonymous_23)
FNDA:5,(anonymous_24)
DA:38,1
DA:39,1
DA:44,1
DA:45,5
DA:60,1
DA:69,5
DA:72,5
DA:75,5
DA:78,5
DA:81,5
DA:84,5
DA:90,5
DA:92,0
DA:94,0
DA:96,0
DA:99,0
DA:100,0
DA:102,0
DA:103,0
DA:111,0
DA:114,0
DA:116,0
DA:118,0
DA:119,0
DA:120,0
DA:122,0
DA:124,0
DA:130,0
DA:133,0
DA:136,0
DA:137,0
DA:143,0
DA:144,0
DA:152,0
DA:154,0
DA:157,0
DA:158,0
DA:163,0
DA:169,0
DA:170,0
DA:179,0
DA:185,0
DA:194,5
DA:197,0
DA:199,0
DA:200,0
DA:204,0
DA:207,0
DA:208,0
DA:209,0
DA:219,5
DA:220,0
DA:222,0
DA:223,0
DA:225,0
DA:226,0
DA:229,0
DA:230,0
DA:233,0
DA:235,0
DA:236,0
DA:243,5
DA:244,0
DA:245,0
DA:251,5
DA:252,0
DA:253,0
DA:254,0
DA:262,5
DA:263,5
DA:264,5
DA:266,5
DA:267,5
DA:268,5
DA:275,5
DA:276,5
DA:277,0
DA:278,0
DA:282,5
DA:288,5
DA:289,5
DA:291,0
DA:292,0
DA:293,0
DA:296,0
DA:299,5
DA:301,0
DA:302,0
DA:303,0
DA:306,5
DA:307,5
DA:309,5
DA:310,5
DA:311,5
DA:318,5
DA:319,5
DA:320,5
DA:321,0
DA:324,5
DA:326,5
DA:327,0
DA:329,0
DA:330,0
DA:332,0
DA:336,5
DA:337,5
DA:340,5
DA:341,5
DA:342,5
DA:350,5
DA:351,5
DA:352,5
DA:353,5
DA:359,5
DA:360,5
DA:375,5
DA:378,1
DA:387,1
LF:118
LH:52
BRDA:99,0,0,0
BRDA:99,0,1,0
BRDA:99,1,0,0
BRDA:99,1,1,0
BRDA:102,2,0,0
BRDA:102,2,1,0
BRDA:114,3,0,0
BRDA:114,3,1,0
BRDA:114,4,0,0
BRDA:114,4,1,0
BRDA:119,5,0,0
BRDA:119,5,1,0
BRDA:120,6,0,0
BRDA:120,6,1,0
BRDA:122,7,0,0
BRDA:122,7,1,0
BRDA:122,8,0,0
BRDA:122,8,1,0
BRDA:122,8,2,0
BRDA:130,9,0,0
BRDA:130,9,1,0
BRDA:143,10,0,0
BRDA:143,10,1,0
BRDA:169,11,0,0
BRDA:169,11,1,0
BRDA:199,12,0,0
BRDA:199,12,1,0
BRDA:208,13,0,0
BRDA:208,13,1,0
BRDA:225,14,0,0
BRDA:225,14,1,0
BRDA:229,15,0,0
BRDA:229,15,1,0
BRDA:277,16,0,0
BRDA:277,16,1,0
BRDA:320,17,0,0
BRDA:320,17,1,5
BRDA:327,18,0,0
BRDA:327,18,1,0
BRDA:327,19,0,0
BRDA:327,19,1,0
BRDA:336,20,0,5
BRDA:336,20,1,0
BRDA:341,21,0,5
BRDA:341,21,1,0
BRF:45
BRH:3
end_of_record
TN:
SF:src\context\boardActions.js
FN:67,(anonymous_0)
FN:75,(anonymous_1)
FN:86,(anonymous_2)
FN:96,(anonymous_3)
FN:105,(anonymous_4)
FN:120,(anonymous_5)
FN:140,(anonymous_6)
FN:150,(anonymous_7)
FN:162,(anonymous_8)
FN:174,(anonymous_9)
FN:182,(anonymous_10)
FN:192,(anonymous_11)
FN:200,(anonymous_12)
FN:210,(anonymous_13)
FN:219,(anonymous_14)
FN:233,(anonymous_15)
FN:243,(anonymous_16)
FN:252,(anonymous_17)
FN:260,(anonymous_18)
FNF:19
FNH:0
FNDA:0,(anonymous_0)
FNDA:0,(anonymous_1)
FNDA:0,(anonymous_2)
FNDA:0,(anonymous_3)
FNDA:0,(anonymous_4)
FNDA:0,(anonymous_5)
FNDA:0,(anonymous_6)
FNDA:0,(anonymous_7)
FNDA:0,(anonymous_8)
FNDA:0,(anonymous_9)
FNDA:0,(anonymous_10)
FNDA:0,(anonymous_11)
FNDA:0,(anonymous_12)
FNDA:0,(anonymous_13)
FNDA:0,(anonymous_14)
FNDA:0,(anonymous_15)
FNDA:0,(anonymous_16)
FNDA:0,(anonymous_17)
FNDA:0,(anonymous_18)
DA:12,3
DA:67,3
DA:75,3
DA:86,3
DA:96,3
DA:105,3
DA:120,3
DA:140,3
DA:150,3
DA:162,3
DA:174,3
DA:182,3
DA:192,3
DA:200,3
DA:210,3
DA:219,3
DA:233,3
DA:243,3
DA:252,3
DA:260,3
LF:20
LH:20
BRDA:120,0,0,0
BRDA:120,1,0,0
BRF:2
BRH:0
end_of_record
TN:
SF:src\context\boardReducer.js
FN:37,(anonymous_0)
FN:70,(anonymous_1)
FN:194,(anonymous_2)
FN:207,(anonymous_3)
FN:290,(anonymous_4)
FN:315,(anonymous_5)
FNF:6
FNH:6
FNDA:53,(anonymous_0)
FNDA:34,(anonymous_1)
FNDA:1,(anonymous_2)
FNDA:6,(anonymous_3)
FNDA:2,(anonymous_4)
FNDA:9,(anonymous_5)
DA:37,53
DA:70,3
DA:71,34
DA:79,2
DA:80,2
DA:95,1
DA:102,1
DA:103,1
DA:117,1
DA:118,1
DA:134,5
DA:135,5
DA:159,1
DA:160,1
DA:185,3
DA:186,3
DA:188,3
DA:189,1
DA:193,2
DA:194,2
DA:195,1
DA:199,2
DA:200,2
DA:202,2
DA:207,6
DA:223,5
DA:224,5
DA:250,2
DA:251,2
DA:275,2
DA:278,2
DA:279,2
DA:281,2
DA:290,2
DA:309,3
DA:311,3
DA:312,3
DA:315,9
DA:319,3
DA:321,1
DA:322,1
DA:324,1
DA:339,2
DA:340,2
DA:342,2
DA:368,1
DA:369,1
DA:382,1
DA:395,1
DA:396,1
DA:414,1
DA:434,1
DA:435,1
DA:455,1
DA:456,1
DA:475,0
DA:476,0
DA:501,1
DA:502,1
DA:529,1
DA:531,0
DA:533,1
LF:62
LH:59
BRDA:71,0,0,2
BRDA:71,0,1,1
BRDA:71,0,2,1
BRDA:71,0,3,1
BRDA:71,0,4,5
BRDA:71,0,5,1
BRDA:71,0,6,3
BRDA:71,0,7,5
BRDA:71,0,8,2
BRDA:71,0,9,2
BRDA:71,0,10,3
BRDA:71,0,11,1
BRDA:71,0,12,1
BRDA:71,0,13,1
BRDA:71,0,14,1
BRDA:71,0,15,1
BRDA:71,0,16,1
BRDA:71,0,17,0
BRDA:71,0,18,1
BRDA:71,0,19,1
BRDA:84,1,0,2
BRDA:84,1,1,1
BRDA:85,2,0,2
BRDA:85,2,1,1
BRDA:188,3,0,1
BRDA:188,3,1,2
BRDA:319,4,0,1
BRDA:319,4,1,2
BRDA:480,5,0,0
BRDA:480,5,1,0
BRDA:481,6,0,0
BRDA:481,6,1,0
BRDA:504,7,0,0
BRDA:504,7,1,1
BRDA:529,8,0,0
BRDA:529,8,1,1
BRF:36
BRH:29
end_of_record
TN:
SF:src\context\useBoardContext.js
FN:37,(anonymous_0)
FN:57,(anonymous_1)
FN:75,(anonymous_2)
FN:99,(anonymous_3)
FN:105,(anonymous_4)
FN:111,(anonymous_5)
FN:118,(anonymous_6)
FN:127,(anonymous_7)
FN:134,(anonymous_8)
FN:143,(anonymous_9)
FN:158,(anonymous_10)
FN:165,(anonymous_11)
FN:172,(anonymous_12)
FN:181,(anonymous_13)
FN:187,(anonymous_14)
FN:192,(anonymous_15)
FN:198,(anonymous_16)
FN:204,(anonymous_17)
FNF:18
FNH:4
FNDA:10,(anonymous_0)
FNDA:10,(anonymous_1)
FNDA:0,(anonymous_2)
FNDA:10,(anonymous_3)
FNDA:0,(anonymous_4)
FNDA:0,(anonymous_5)
FNDA:0,(anonymous_6)
FNDA:0,(anonymous_7)
FNDA:0,(anonymous_8)
FNDA:0,(anonymous_9)
FNDA:0,(anonymous_10)
FNDA:0,(anonymous_11)
FNDA:0,(anonymous_12)
FNDA:0,(anonymous_13)
FNDA:0,(anonymous_14)
FNDA:0,(anonymous_15)
FNDA:0,(anonymous_16)
FNDA:10,(anonymous_17)
DA:37,1
DA:38,10
DA:40,10
DA:41,0
DA:44,10
DA:57,1
DA:58,10
DA:60,10
DA:61,0
DA:64,10
DA:75,1
DA:76,0
DA:77,0
DA:79,0
DA:99,1
DA:100,10
DA:104,10
DA:106,0
DA:111,10
DA:112,0
DA:117,10
DA:119,0
DA:120,0
DA:121,0
DA:126,10
DA:128,0
DA:133,10
DA:135,0
DA:142,10
DA:144,0
DA:151,0
DA:152,0
DA:157,10
DA:159,0
DA:164,10
DA:166,0
DA:171,10
DA:173,0
DA:180,10
DA:182,0
DA:187,10
DA:188,0
DA:191,10
DA:193,0
DA:198,10
DA:199,0
DA:203,10
DA:204,10
LF:48
LH:26
BRDA:40,0,0,0
BRDA:40,0,1,10
BRDA:60,1,0,0
BRDA:60,1,1,10
BRDA:147,2,0,0
BRDA:147,2,1,0
BRDA:148,3,0,0
BRDA:148,3,1,0
BRF:8
BRH:2
end_of_record
TN:
SF:src\context\useSync.js
FN:30,(anonymous_0)
FNF:1
FNH:1
FNDA:5,(anonymous_0)
DA:30,1
DA:31,5
DA:33,5
DA:34,0
DA:37,5
LF:5
LH:4
BRDA:33,0,0,0
BRDA:33,0,1,5
BRF:2
BRH:1
end_of_record
TN:
SF:src\hooks\useAccessibility.js
FN:60,useFocusTrap
FN:70,(anonymous_1)
FN:75,(anonymous_2)
FN:84,(anonymous_3)
FN:92,(anonymous_4)
FN:99,(anonymous_5)
FN:102,(anonymous_6)
FN:139,(anonymous_7)
FN:173,useArrowNavigation
FN:181,(anonymous_9)
FN:217,(anonymous_10)
FN:253,useAnnounce
FN:256,(anonymous_12)
FN:266,(anonymous_13)
FN:277,(anonymous_14)
FN:321,useReducedMotion
FN:328,(anonymous_16)
FN:330,(anonymous_17)
FN:333,(anonymous_18)
FN:354,VisuallyHidden
FN:384,SkipLink
FNF:21
FNH:5
FNDA:8,useFocusTrap
FNDA:8,(anonymous_1)
FNDA:8,(anonymous_2)
FNDA:8,(anonymous_3)
FNDA:0,(anonymous_4)
FNDA:8,(anonymous_5)
FNDA:0,(anonymous_6)
FNDA:0,(anonymous_7)
FNDA:0,useArrowNavigation
FNDA:0,(anonymous_9)
FNDA:0,(anonymous_10)
FNDA:0,useAnnounce
FNDA:0,(anonymous_12)
FNDA:0,(anonymous_13)
FNDA:0,(anonymous_14)
FNDA:0,useReducedMotion
FNDA:0,(anonymous_16)
FNDA:0,(anonymous_17)
FNDA:0,(anonymous_18)
FNDA:0,VisuallyHidden
FNDA:0,SkipLink
DA:22,1
DA:66,8
DA:67,8
DA:70,8
DA:71,8
DA:72,0
DA:75,8
DA:77,8
DA:78,0
DA:84,8
DA:85,8
DA:87,0
DA:88,0
DA:90,0
DA:92,0
DA:93,0
DA:99,8
DA:100,8
DA:102,0
DA:103,0
DA:104,0
DA:107,0
DA:108,0
DA:109,0
DA:110,0
DA:111,0
DA:115,0
DA:116,0
DA:117,0
DA:118,0
DA:120,0
DA:123,0
DA:124,0
DA:125,0
DA:126,0
DA:130,0
DA:131,0
DA:132,0
DA:133,0
DA:138,0
DA:139,0
DA:142,8
DA:180,0
DA:182,0
DA:183,0
DA:185,0
DA:187,0
DA:188,0
DA:189,0
DA:190,0
DA:191,0
DA:193,0
DA:194,0
DA:195,0
DA:196,0
DA:197,0
DA:199,0
DA:200,0
DA:201,0
DA:202,0
DA:203,0
DA:204,0
DA:206,0
DA:209,0
DA:210,0
DA:216,0
DA:217,0
DA:225,0
DA:254,0
DA:256,0
DA:257,0
DA:260,0
DA:263,0
DA:266,0
DA:267,0
DA:268,0
DA:276,0
DA:278,0
DA:299,0
DA:322,0
DA:328,0
DA:330,0
DA:331,0
DA:332,0
DA:333,0
DA:337,0
DA:339,0
DA:355,0
DA:385,0
LF:89
LH:12
BRDA:60,0,0,0
BRDA:61,1,0,0
BRDA:63,2,0,0
BRDA:64,3,0,0
BRDA:71,4,0,0
BRDA:71,4,1,8
BRDA:71,5,0,8
BRDA:71,5,1,0
BRDA:77,6,0,0
BRDA:77,6,1,8
BRDA:77,7,0,8
BRDA:77,7,1,8
BRDA:85,8,0,8
BRDA:85,8,1,0
BRDA:85,9,0,8
BRDA:85,9,1,0
BRDA:85,9,2,0
BRDA:90,10,0,0
BRDA:90,10,1,0
BRDA:100,11,0,8
BRDA:100,11,1,0
BRDA:104,12,0,0
BRDA:104,12,1,0
BRDA:107,13,0,0
BRDA:107,13,1,0
BRDA:107,14,0,0
BRDA:107,14,1,0
BRDA:115,15,0,0
BRDA:115,15,1,0
BRDA:120,16,0,0
BRDA:120,16,1,0
BRDA:123,17,0,0
BRDA:123,17,1,0
BRDA:123,18,0,0
BRDA:123,18,1,0
BRDA:130,19,0,0
BRDA:130,19,1,0
BRDA:130,20,0,0
BRDA:130,20,1,0
BRDA:173,21,0,0
BRDA:177,22,0,0
BRDA:178,23,0,0
BRDA:182,24,0,0
BRDA:182,24,1,0
BRDA:183,25,0,0
BRDA:183,25,1,0
BRDA:187,26,0,0
BRDA:187,26,1,0
BRDA:190,27,0,0
BRDA:190,27,1,0
BRDA:191,28,0,0
BRDA:191,28,1,0
BRDA:193,29,0,0
BRDA:193,29,1,0
BRDA:196,30,0,0
BRDA:196,30,1,0
BRDA:197,31,0,0
BRDA:197,31,1,0
BRDA:199,32,0,0
BRDA:199,32,1,0
BRDA:202,33,0,0
BRDA:202,33,1,0
BRDA:209,34,0,0
BRDA:209,34,1,0
BRDA:218,35,0,0
BRDA:218,35,1,0
BRDA:256,36,0,0
BRDA:257,37,0,0
BRDA:257,37,1,0
BRDA:267,38,0,0
BRDA:267,38,1,0
BRDA:323,39,0,0
BRDA:323,39,1,0
BRDA:354,40,0,0
BRF:74
BRH:8
end_of_record
TN:
SF:src\hooks\useBoard.js
FN:22,(anonymous_0)
FN:24,(anonymous_1)
FN:41,(anonymous_2)
FN:51,(anonymous_3)
FN:53,(anonymous_4)
FN:68,(anonymous_5)
FN:69,(anonymous_6)
FN:82,(anonymous_7)
FN:83,(anonymous_8)
FN:88,(anonymous_9)
FN:99,(anonymous_10)
FN:112,(anonymous_11)
FN:122,(anonymous_12)
FN:140,(anonymous_13)
FN:141,(anonymous_14)
FN:155,(anonymous_15)
FN:156,(anonymous_16)
FN:167,(anonymous_17)
FN:192,(anonymous_18)
FN:193,(anonymous_19)
FN:198,(anonymous_20)
FN:235,(anonymous_21)
FN:242,(anonymous_22)
FN:252,(anonymous_23)
FN:259,(anonymous_24)
FNF:25
FNH:25
FNDA:59,(anonymous_0)
FNDA:25,(anonymous_1)
FNDA:53,(anonymous_2)
FNDA:5,(anonymous_3)
FNDA:5,(anonymous_4)
FNDA:2,(anonymous_5)
FNDA:2,(anonymous_6)
FNDA:2,(anonymous_7)
FNDA:2,(anonymous_8)
FNDA:2,(anonymous_9)
FNDA:2,(anonymous_10)
FNDA:17,(anonymous_11)
FNDA:17,(anonymous_12)
FNDA:4,(anonymous_13)
FNDA:4,(anonymous_14)
FNDA:1,(anonymous_15)
FNDA:1,(anonymous_16)
FNDA:1,(anonymous_17)
FNDA:3,(anonymous_18)
FNDA:3,(anonymous_19)
FNDA:5,(anonymous_20)
FNDA:2,(anonymous_21)
FNDA:1,(anonymous_22)
FNDA:2,(anonymous_23)
FNDA:1,(anonymous_24)
DA:22,1
DA:24,59
DA:25,25
DA:26,25
DA:30,59
DA:33,59
DA:41,59
DA:42,53
DA:51,59
DA:52,5
DA:53,5
DA:68,59
DA:69,2
DA:82,59
DA:83,2
DA:84,2
DA:85,2
DA:88,2
DA:89,2
DA:93,2
DA:94,2
DA:96,2
DA:99,2
DA:112,59
DA:113,17
DA:114,17
DA:122,17
DA:140,59
DA:141,4
DA:155,59
DA:156,1
DA:157,1
DA:158,1
DA:160,1
DA:167,1
DA:192,59
DA:193,3
DA:194,3
DA:195,3
DA:198,5
DA:202,3
DA:204,1
DA:205,1
DA:208,2
DA:209,2
DA:212,3
DA:235,59
DA:236,2
DA:242,59
DA:243,1
DA:252,59
DA:253,2
DA:259,59
DA:260,1
DA:263,59
LF:55
LH:55
BRDA:26,0,0,25
BRDA:26,0,1,24
BRDA:202,1,0,1
BRDA:202,1,1,2
BRDA:217,2,0,3
BRDA:217,2,1,2
BRDA:220,3,0,3
BRDA:220,3,1,1
BRF:8
BRH:8
end_of_record
TN:
SF:src\hooks\useBoardState.js
FN:58,(anonymous_0)
FN:71,(anonymous_1)
FN:101,(anonymous_2)
FN:115,(anonymous_3)
FN:121,(anonymous_4)
FN:128,(anonymous_5)
FN:135,(anonymous_6)
FN:138,(anonymous_7)
FN:146,(anonymous_8)
FN:161,(anonymous_9)
FN:173,(anonymous_10)
FN:187,(anonymous_11)
FN:205,(anonymous_12)
FN:209,(anonymous_13)
FN:218,(anonymous_14)
FN:220,(anonymous_15)
FN:232,(anonymous_16)
FN:242,(anonymous_17)
FN:275,(anonymous_18)
FN:277,(anonymous_19)
FN:286,(anonymous_20)
FN:293,(anonymous_21)
FN:301,(anonymous_22)
FN:317,(anonymous_23)
FN:324,(anonymous_24)
FN:331,(anonymous_25)
FN:339,(anonymous_26)
FN:346,(anonymous_27)
FN:350,(anonymous_28)
FN:357,(anonymous_29)
FN:362,(anonymous_30)
FN:369,(anonymous_31)
FN:403,(anonymous_32)
FN:409,(anonymous_33)
FN:410,(anonymous_34)
FN:422,(anonymous_35)
FN:423,(anonymous_36)
FN:434,(anonymous_37)
FN:435,(anonymous_38)
FN:442,(anonymous_39)
FN:445,(anonymous_40)
FNF:41
FNH:15
FNDA:21,(anonymous_0)
FNDA:21,(anonymous_1)
FNDA:21,(anonymous_2)
FNDA:21,(anonymous_3)
FNDA:2,(anonymous_4)
FNDA:0,(anonymous_5)
FNDA:0,(anonymous_6)
FNDA:0,(anonymous_7)
FNDA:0,(anonymous_8)
FNDA:0,(anonymous_9)
FNDA:0,(anonymous_10)
FNDA:0,(anonymous_11)
FNDA:1,(anonymous_12)
FNDA:0,(anonymous_13)
FNDA:1,(anonymous_14)
FNDA:3,(anonymous_15)
FNDA:21,(anonymous_16)
FNDA:64,(anonymous_17)
FNDA:21,(anonymous_18)
FNDA:1,(anonymous_19)
FNDA:0,(anonymous_20)
FNDA:0,(anonymous_21)
FNDA:2,(anonymous_22)
FNDA:0,(anonymous_23)
FNDA:1,(anonymous_24)
FNDA:0,(anonymous_25)
FNDA:0,(anonymous_26)
FNDA:0,(anonymous_27)
FNDA:0,(anonymous_28)
FNDA:0,(anonymous_29)
FNDA:0,(anonymous_30)
FNDA:0,(anonymous_31)
FNDA:21,(anonymous_32)
FNDA:0,(anonymous_33)
FNDA:0,(anonymous_34)
FNDA:0,(anonymous_35)
FNDA:0,(anonymous_36)
FNDA:0,(anonymous_37)
FNDA:0,(anonymous_38)
FNDA:0,(anonymous_39)
FNDA:0,(anonymous_40)
DA:58,1
DA:59,21
DA:60,21
DA:61,0
DA:63,21
DA:71,1
DA:72,21
DA:73,21
DA:74,0
DA:76,21
DA:101,1
DA:102,21
DA:103,21
DA:107,21
DA:114,21
DA:115,21
DA:121,2
DA:128,0
DA:136,0
DA:137,0
DA:138,0
DA:147,0
DA:148,0
DA:149,0
DA:150,0
DA:153,0
DA:162,0
DA:163,0
DA:165,0
DA:166,0
DA:167,0
DA:168,0
DA:169,0
DA:173,0
DA:175,0
DA:179,0
DA:188,0
DA:189,0
DA:190,0
DA:191,0
DA:192,0
DA:193,0
DA:194,0
DA:198,0
DA:206,1
DA:207,1
DA:208,1
DA:209,0
DA:211,1
DA:219,1
DA:220,3
DA:231,21
DA:232,21
DA:242,64
DA:275,21
DA:277,21
DA:278,1
DA:279,1
DA:283,1
DA:286,21
DA:287,0
DA:293,21
DA:294,0
DA:301,21
DA:302,2
DA:303,2
DA:310,2
DA:314,2
DA:317,21
DA:318,0
DA:324,21
DA:325,1
DA:331,21
DA:332,0
DA:339,21
DA:340,0
DA:346,21
DA:347,0
DA:350,21
DA:351,0
DA:357,21
DA:358,0
DA:362,21
DA:363,0
DA:369,21
DA:370,0
DA:373,21
DA:402,21
DA:403,21
DA:410,0
DA:411,0
DA:412,0
DA:413,0
DA:423,0
DA:424,0
DA:435,0
DA:443,0
DA:444,0
DA:445,0
DA:446,0
DA:456,21
LF:101
LH:50
BRDA:60,0,0,0
BRDA:60,0,1,21
BRDA:73,1,0,0
BRDA:73,1,1,21
BRDA:121,2,0,2
BRDA:121,2,1,1
BRDA:128,3,0,0
BRDA:128,3,1,0
BRDA:137,4,0,0
BRDA:137,4,1,0
BRDA:138,5,0,0
BRDA:138,5,1,0
BRDA:147,6,0,0
BRDA:147,6,1,0
BRDA:149,7,0,0
BRDA:149,7,1,0
BRDA:162,8,0,0
BRDA:162,8,1,0
BRDA:162,9,0,0
BRDA:162,9,1,0
BRDA:162,9,2,0
BRDA:167,10,0,0
BRDA:167,10,1,0
BRDA:169,11,0,0
BRDA:169,11,1,0
BRDA:170,12,0,0
BRDA:170,12,1,0
BRDA:170,12,2,0
BRDA:170,12,3,0
BRDA:171,13,0,0
BRDA:171,13,1,0
BRDA:172,14,0,0
BRDA:172,14,1,0
BRDA:173,15,0,0
BRDA:173,15,1,0
BRDA:188,16,0,0
BRDA:188,16,1,0
BRDA:191,17,0,0
BRDA:191,17,1,0
BRDA:193,18,0,0
BRDA:193,18,1,0
BRDA:193,19,0,0
BRDA:193,19,1,0
BRDA:193,20,0,0
BRDA:193,20,1,0
BRDA:206,21,0,0
BRDA:206,21,1,1
BRDA:209,22,0,0
BRDA:209,22,1,0
BRDA:219,23,0,0
BRDA:219,23,1,1
BRDA:219,24,0,1
BRDA:219,24,1,1
BRDA:234,25,0,21
BRDA:234,25,1,0
BRDA:237,26,0,21
BRDA:237,26,1,0
BRDA:240,27,0,21
BRDA:240,27,1,0
BRDA:242,28,0,64
BRDA:242,28,1,62
BRDA:247,29,0,21
BRDA:247,29,1,21
BRDA:250,30,0,21
BRDA:250,30,1,0
BRDA:253,31,0,21
BRDA:253,31,1,0
BRDA:256,32,0,21
BRDA:256,32,1,0
BRDA:262,33,0,21
BRDA:262,33,1,21
BRDA:265,34,0,21
BRDA:265,34,1,21
BRDA:306,35,0,2
BRDA:306,35,1,2
BRDA:307,36,0,2
BRDA:307,36,1,2
BRDA:412,37,0,0
BRDA:412,37,1,0
BRDA:444,38,0,0
BRDA:444,38,1,0
BRDA:445,39,0,0
BRDA:445,39,1,0
BRDA:460,40,0,21
BRDA:460,40,1,0
BRDA:461,41,0,21
BRDA:461,41,1,0
BRDA:462,42,0,21
BRDA:462,42,1,0
BRDA:463,43,0,21
BRDA:463,43,1,21
BRF:91
BRH:31
end_of_record
TN:
SF:src\hooks\useOfflineSync.js
FN:109,(anonymous_0)
FN:117,(anonymous_1)
FN:156,(anonymous_2)
FN:168,(anonymous_3)
FN:171,(anonymous_4)
FN:175,(anonymous_5)
FN:215,(anonymous_6)
FN:224,(anonymous_7)
FN:239,(anonymous_8)
FN:253,(anonymous_9)
FN:266,(anonymous_10)
FN:278,(anonymous_11)
FN:289,(anonymous_12)
FN:294,(anonymous_13)
FN:307,(anonymous_14)
FN:308,(anonymous_15)
FN:309,(anonymous_16)
FN:317,(anonymous_17)
FN:318,(anonymous_18)
FN:318,(anonymous_19)
FN:324,(anonymous_20)
FN:325,(anonymous_21)
FN:325,(anonymous_22)
FN:332,(anonymous_23)
FN:333,(anonymous_24)
FN:334,(anonymous_25)
FN:349,(anonymous_26)
FN:410,(anonymous_27)
FN:429,(anonymous_28)
FN:443,(anonymous_29)
FN:482,(anonymous_30)
FN:497,(anonymous_31)
FN:498,(anonymous_32)
FN:505,(anonymous_33)
FN:513,(anonymous_34)
FN:524,(anonymous_35)
FN:527,(anonymous_36)
FN:534,(anonymous_37)
FN:546,(anonymous_38)
FN:558,(anonymous_39)
FN:561,(anonymous_40)
FN:568,(anonymous_41)
FN:579,(anonymous_42)
FN:582,(anonymous_43)
FN:583,(anonymous_44)
FN:584,(anonymous_45)
FN:588,(anonymous_46)
FN:589,(anonymous_47)
FN:612,(anonymous_48)
FN:612,(anonymous_49)
FN:614,(anonymous_50)
FN:614,(anonymous_51)
FN:618,(anonymous_52)
FN:618,(anonymous_53)
FNF:54
FNH:52
FNDA:27,(anonymous_0)
FNDA:40,(anonymous_1)
FNDA:95,(anonymous_2)
FNDA:43,(anonymous_3)
FNDA:43,(anonymous_4)
FNDA:9,(anonymous_5)
FNDA:88,(anonymous_6)
FNDA:3,(anonymous_7)
FNDA:1,(anonymous_8)
FNDA:1,(anonymous_9)
FNDA:0,(anonymous_10)
FNDA:27,(anonymous_11)
FNDA:27,(anonymous_12)
FNDA:14,(anonymous_13)
FNDA:27,(anonymous_14)
FNDA:27,(anonymous_15)
FNDA:37,(anonymous_16)
FNDA:15,(anonymous_17)
FNDA:15,(anonymous_18)
FNDA:25,(anonymous_19)
FNDA:2,(anonymous_20)
FNDA:2,(anonymous_21)
FNDA:3,(anonymous_22)
FNDA:2,(anonymous_23)
FNDA:2,(anonymous_24)
FNDA:1,(anonymous_25)
FNDA:21,(anonymous_26)
FNDA:4,(anonymous_27)
FNDA:24,(anonymous_28)
FNDA:21,(anonymous_29)
FNDA:3,(anonymous_30)
FNDA:54,(anonymous_31)
FNDA:4,(anonymous_32)
FNDA:4,(anonymous_33)
FNDA:54,(anonymous_34)
FNDA:58,(anonymous_35)
FNDA:40,(anonymous_36)
FNDA:0,(anonymous_37)
FNDA:48,(anonymous_38)
FNDA:43,(anonymous_39)
FNDA:43,(anonymous_40)
FNDA:1,(anonymous_41)
FNDA:95,(anonymous_42)
FNDA:51,(anonymous_43)
FNDA:51,(anonymous_44)
FNDA:51,(anonymous_45)
FNDA:50,(anonymous_46)
FNDA:42,(anonymous_47)
FNDA:1,(anonymous_48)
FNDA:1,(anonymous_49)
FNDA:1,(anonymous_50)
FNDA:2,(anonymous_51)
FNDA:1,(anonymous_52)
FNDA:1,(anonymous_53)
DA:59,2
DA:62,2
DA:65,2
DA:68,2
DA:71,2
DA:74,2
DA:77,2
DA:78,2
DA:109,2
DA:110,27
DA:117,2
DA:118,40
DA:156,2
DA:163,95
DA:168,95
DA:171,95
DA:172,43
DA:173,43
DA:175,9
DA:180,36
DA:184,95
DA:187,95
DA:190,95
DA:195,95
DA:196,95
DA:199,95
DA:202,95
DA:205,95
DA:208,95
DA:215,95
DA:216,88
DA:217,88
DA:224,95
DA:225,3
DA:226,3
DA:227,3
DA:230,0
DA:231,0
DA:239,95
DA:240,1
DA:241,1
DA:244,0
DA:245,0
DA:253,95
DA:254,1
DA:255,1
DA:258,0
DA:266,95
DA:267,0
DA:278,95
DA:279,27
DA:289,27
DA:292,27
DA:294,23
DA:295,14
DA:299,27
DA:307,95
DA:308,27
DA:309,37
DA:317,95
DA:318,25
DA:324,95
DA:325,3
DA:326,2
DA:332,95
DA:333,2
DA:334,2
DA:335,1
DA:338,2
DA:348,95
DA:350,21
DA:352,0
DA:353,0
DA:357,21
DA:359,21
DA:360,21
DA:363,15
DA:365,15
DA:366,2
DA:369,15
DA:372,6
DA:373,0
DA:375,0
DA:379,0
DA:383,6
DA:385,6
DA:387,1
DA:393,1
DA:394,0
DA:397,1
DA:401,5
DA:407,5
DA:410,5
DA:411,4
DA:412,4
DA:414,4
DA:417,5
DA:419,5
DA:429,95
DA:431,24
DA:432,24
DA:433,5
DA:435,19
DA:438,19
DA:439,0
DA:443,21
DA:444,19
DA:445,2
DA:448,17
DA:449,17
DA:451,17
DA:452,17
DA:455,17
DA:456,21
DA:458,21
DA:459,21
DA:460,15
DA:462,6
DA:466,17
DA:467,17
DA:468,17
DA:469,11
DA:471,17
DA:472,6
DA:476,17
DA:482,95
DA:483,3
DA:484,1
DA:485,1
DA:488,2
DA:489,2
DA:497,95
DA:498,54
DA:499,4
DA:500,4
DA:502,4
DA:505,54
DA:506,4
DA:507,4
DA:510,54
DA:511,54
DA:513,54
DA:514,54
DA:515,54
DA:524,95
DA:525,58
DA:527,48
DA:528,40
DA:529,7
DA:532,40
DA:534,40
DA:535,0
DA:536,0
DA:538,0
DA:542,48
DA:543,40
DA:546,48
DA:547,48
DA:548,44
DA:558,95
DA:559,43
DA:561,43
DA:562,43
DA:565,43
DA:566,33
DA:568,43
DA:569,43
DA:578,95
DA:579,95
DA:582,51
DA:583,51
DA:584,51
DA:588,50
DA:589,42
DA:596,95
DA:612,1
DA:614,2
DA:618,1
LF:178
LH:162
BRDA:156,0,0,28
BRDA:162,1,0,68
BRDA:173,2,0,7
BRDA:173,2,1,36
BRDA:173,3,0,43
BRDA:173,3,1,9
BRDA:177,4,0,1
BRDA:177,4,1,8
BRDA:292,5,0,23
BRDA:292,5,1,4
BRDA:309,6,0,27
BRDA:309,6,1,10
BRDA:335,7,0,1
BRDA:335,7,1,0
BRDA:350,8,0,0
BRDA:350,8,1,21
BRDA:365,9,0,2
BRDA:365,9,1,13
BRDA:372,10,0,0
BRDA:372,10,1,6
BRDA:372,11,0,6
BRDA:372,11,1,0
BRDA:385,12,0,1
BRDA:385,12,1,5
BRDA:390,13,0,1
BRDA:390,13,1,0
BRDA:393,14,0,0
BRDA:393,14,1,1
BRDA:407,15,0,5
BRDA:407,15,1,0
BRDA:411,16,0,4
BRDA:411,16,1,0
BRDA:411,17,0,4
BRDA:411,17,1,4
BRDA:432,18,0,5
BRDA:432,18,1,19
BRDA:438,19,0,0
BRDA:438,19,1,19
BRDA:438,20,0,19
BRDA:438,20,1,19
BRDA:444,21,0,2
BRDA:444,21,1,17
BRDA:456,22,0,0
BRDA:456,22,1,21
BRDA:459,23,0,15
BRDA:459,23,1,6
BRDA:466,24,0,17
BRDA:466,24,1,0
BRDA:468,25,0,11
BRDA:468,25,1,6
BRDA:471,26,0,6
BRDA:471,26,1,11
BRDA:483,27,0,1
BRDA:483,27,1,2
BRDA:525,28,0,10
BRDA:525,28,1,48
BRDA:528,29,0,7
BRDA:528,29,1,33
BRDA:535,30,0,0
BRDA:535,30,1,0
BRDA:535,31,0,0
BRDA:535,31,1,0
BRDA:542,32,0,40
BRDA:542,32,1,8
BRDA:547,33,0,44
BRDA:547,33,1,4
BRDA:565,34,0,33
BRDA:565,34,1,10
BRF:68
BRH:53
end_of_record
TN:
SF:src\hooks\useUndoRedo.js
FN:85,(anonymous_0)
FN:102,(anonymous_1)
FN:146,(anonymous_2)
FN:162,(anonymous_3)
FN:191,(anonymous_4)
FN:196,(anonymous_5)
FN:201,(anonymous_6)
FN:206,(anonymous_7)
FN:211,(anonymous_8)
FN:217,(anonymous_9)
FN:217,(anonymous_10)
FN:225,(anonymous_11)
FN:225,(anonymous_12)
FN:233,(anonymous_13)
FN:241,(anonymous_14)
FN:253,(anonymous_15)
FN:265,(anonymous_16)
FN:293,(anonymous_17)
FN:309,(anonymous_18)
FN:317,(anonymous_19)
FN:335,(anonymous_20)
FN:353,(anonymous_21)
FN:378,(anonymous_22)
FN:390,(anonymous_23)
FN:418,(anonymous_24)
FN:437,(anonymous_25)
FN:444,(anonymous_26)
FN:454,(anonymous_27)
FN:471,(anonymous_28)
FN:474,(anonymous_29)
FN:496,(anonymous_30)
FN:498,(anonymous_31)
FN:507,(anonymous_32)
FN:520,(anonymous_33)
FN:523,(anonymous_34)
FN:554,(anonymous_35)
FN:564,(anonymous_36)
FN:567,(anonymous_37)
FNF:38
FNH:35
FNDA:71,(anonymous_0)
FNDA:35,(anonymous_1)
FNDA:84,(anonymous_2)
FNDA:34,(anonymous_3)
FNDA:83,(anonymous_4)
FNDA:82,(anonymous_5)
FNDA:51,(anonymous_6)
FNDA:82,(anonymous_7)
FNDA:51,(anonymous_8)
FNDA:83,(anonymous_9)
FNDA:49,(anonymous_10)
FNDA:83,(anonymous_11)
FNDA:16,(anonymous_12)
FNDA:83,(anonymous_13)
FNDA:83,(anonymous_14)
FNDA:35,(anonymous_15)
FNDA:33,(anonymous_16)
FNDA:35,(anonymous_17)
FNDA:1,(anonymous_18)
FNDA:3,(anonymous_19)
FNDA:12,(anonymous_20)
FNDA:11,(anonymous_21)
FNDA:5,(anonymous_22)
FNDA:4,(anonymous_23)
FNDA:0,(anonymous_24)
FNDA:1,(anonymous_25)
FNDA:1,(anonymous_26)
FNDA:1,(anonymous_27)
FNDA:2,(anonymous_28)
FNDA:1,(anonymous_29)
FNDA:1,(anonymous_30)
FNDA:1,(anonymous_31)
FNDA:0,(anonymous_32)
FNDA:84,(anonymous_33)
FNDA:0,(anonymous_34)
FNDA:83,(anonymous_35)
FNDA:34,(anonymous_36)
FNDA:34,(anonymous_37)
DA:57,1
DA:60,1
DA:85,1
DA:86,71
DA:87,71
DA:88,71
DA:91,0
DA:92,0
DA:102,1
DA:103,35
DA:104,35
DA:105,35
DA:106,35
DA:108,0
DA:146,1
DA:155,84
DA:162,84
DA:175,84
DA:178,84
DA:181,84
DA:184,84
DA:191,84
DA:196,84
DA:201,84
DA:206,84
DA:211,84
DA:216,84
DA:217,83
DA:224,84
DA:225,83
DA:232,84
DA:233,83
DA:240,84
DA:241,83
DA:252,84
DA:255,35
DA:256,2
DA:259,33
DA:265,33
DA:267,33
DA:268,33
DA:269,1
DA:272,33
DA:279,33
DA:280,1
DA:292,84
DA:295,35
DA:299,35
DA:301,3
DA:304,3
DA:305,2
DA:309,3
DA:310,1
DA:311,1
DA:312,1
DA:317,3
DA:325,32
DA:335,84
DA:336,12
DA:339,11
DA:340,11
DA:341,0
DA:343,11
DA:346,11
DA:347,0
DA:348,0
DA:351,11
DA:353,11
DA:354,11
DA:356,11
DA:357,11
DA:358,11
DA:360,11
DA:367,11
DA:368,0
DA:371,11
DA:378,84
DA:379,5
DA:382,4
DA:383,4
DA:384,0
DA:386,4
DA:388,4
DA:390,4
DA:391,4
DA:393,4
DA:394,4
DA:395,4
DA:397,4
DA:404,4
DA:405,0
DA:408,4
DA:417,84
DA:420,0
DA:421,0
DA:422,0
DA:423,0
DA:424,0
DA:429,0
DA:437,84
DA:439,1
DA:440,0
DA:441,0
DA:444,1
DA:454,84
DA:455,1
DA:470,84
DA:472,2
DA:474,1
DA:475,1
DA:476,1
DA:477,1
DA:478,1
DA:480,1
DA:487,1
DA:496,84
DA:497,1
DA:498,1
DA:507,0
DA:520,84
DA:521,84
DA:523,83
DA:525,0
DA:527,0
DA:530,0
DA:531,0
DA:536,0
DA:539,0
DA:540,0
DA:541,0
DA:542,0
DA:544,0
DA:545,0
DA:546,0
DA:547,0
DA:548,0
DA:552,83
DA:554,83
DA:555,83
DA:564,84
DA:565,34
DA:567,34
DA:568,34
DA:569,34
DA:570,1
DA:577,84
LF:146
LH:114
BRDA:86,0,0,0
BRDA:86,0,1,71
BRDA:86,1,0,71
BRDA:86,1,1,71
BRDA:103,2,0,0
BRDA:103,2,1,35
BRDA:104,3,0,0
BRDA:104,3,1,35
BRDA:104,4,0,35
BRDA:104,4,1,35
BRDA:146,5,0,10
BRDA:148,6,0,78
BRDA:149,7,0,83
BRDA:153,8,0,14
BRDA:154,9,0,81
BRDA:233,10,0,37
BRDA:233,10,1,46
BRDA:241,11,0,13
BRDA:241,11,1,70
BRDA:253,12,0,0
BRDA:255,13,0,2
BRDA:255,13,1,33
BRDA:268,14,0,1
BRDA:268,14,1,32
BRDA:279,15,0,1
BRDA:279,15,1,32
BRDA:293,16,0,0
BRDA:293,17,0,34
BRDA:295,18,0,1
BRDA:295,18,1,34
BRDA:299,19,0,3
BRDA:299,19,1,32
BRDA:299,20,0,35
BRDA:299,20,1,4
BRDA:304,21,0,2
BRDA:304,21,1,1
BRDA:310,22,0,1
BRDA:310,22,1,0
BRDA:310,23,0,1
BRDA:310,23,1,1
BRDA:336,24,0,1
BRDA:336,24,1,11
BRDA:340,25,0,0
BRDA:340,25,1,11
BRDA:340,26,0,11
BRDA:340,26,1,2
BRDA:346,27,0,0
BRDA:346,27,1,11
BRDA:354,28,0,0
BRDA:354,28,1,11
BRDA:367,29,0,0
BRDA:367,29,1,11
BRDA:367,30,0,11
BRDA:367,30,1,1
BRDA:379,31,0,1
BRDA:379,31,1,4
BRDA:383,32,0,0
BRDA:383,32,1,4
BRDA:383,33,0,4
BRDA:383,33,1,1
BRDA:391,34,0,0
BRDA:391,34,1,4
BRDA:404,35,0,0
BRDA:404,35,1,4
BRDA:404,36,0,4
BRDA:404,36,1,1
BRDA:418,37,0,0
BRDA:420,38,0,0
BRDA:420,38,1,0
BRDA:422,39,0,0
BRDA:422,39,1,0
BRDA:439,40,0,0
BRDA:439,40,1,1
BRDA:472,41,0,1
BRDA:472,41,1,1
BRDA:472,42,0,2
BRDA:472,42,1,2
BRDA:521,43,0,1
BRDA:521,43,1,83
BRDA:525,44,0,0
BRDA:525,44,1,0
BRDA:527,45,0,0
BRDA:527,45,1,0
BRDA:531,46,0,0
BRDA:531,46,1,0
BRDA:532,47,0,0
BRDA:532,47,1,0
BRDA:532,47,2,0
BRDA:539,48,0,0
BRDA:539,48,1,0
BRDA:539,49,0,0
BRDA:539,49,1,0
BRDA:542,50,0,0
BRDA:542,50,1,0
BRDA:542,51,0,0
BRDA:542,51,1,0
BRDA:546,52,0,0
BRDA:546,52,1,0
BRDA:569,53,0,1
BRDA:569,53,1,33
BRF:100
BRH:62
end_of_record
TN:
SF:src\services\api.js
FN:37,(anonymous_0)
FN:52,request
FN:57,(anonymous_2)
FN:72,(anonymous_3)
FN:112,(anonymous_4)
FN:122,(anonymous_5)
FN:137,(anonymous_6)
FN:160,(anonymous_7)
FN:172,(anonymous_8)
FN:182,(anonymous_9)
FN:192,(anonymous_10)
FN:204,(anonymous_11)
FN:214,(anonymous_12)
FN:224,(anonymous_13)
FN:234,(anonymous_14)
FN:251,(anonymous_15)
FN:261,withOnlineCheck
FNF:17
FNH:16
FNDA:6,(anonymous_0)
FNDA:17,request
FNDA:0,(anonymous_2)
FNDA:1,(anonymous_3)
FNDA:6,(anonymous_4)
FNDA:1,(anonymous_5)
FNDA:2,(anonymous_6)
FNDA:1,(anonymous_7)
FNDA:1,(anonymous_8)
FNDA:1,(anonymous_9)
FNDA:1,(anonymous_10)
FNDA:1,(anonymous_11)
FNDA:1,(anonymous_12)
FNDA:1,(anonymous_13)
FNDA:1,(anonymous_14)
FNDA:4,(anonymous_15)
FNDA:2,withOnlineCheck
DA:30,3
DA:31,3
DA:38,6
DA:39,6
DA:40,6
DA:41,6
DA:53,17
DA:56,17
DA:57,17
DA:59,17
DA:60,17
DA:69,16
DA:72,16
DA:74,16
DA:75,2
DA:78,14
DA:80,3
DA:83,3
DA:84,0
DA:88,3
DA:89,1
DA:93,2
DA:94,2
DA:98,0
DA:107,3
DA:113,6
DA:123,1
DA:138,2
DA:139,2
DA:145,1
DA:146,1
DA:148,1
DA:161,1
DA:173,1
DA:183,1
DA:193,1
DA:205,1
DA:215,1
DA:225,1
DA:235,1
DA:251,3
DA:252,4
DA:262,2
DA:263,1
DA:265,1
LF:45
LH:43
BRDA:37,0,0,3
BRDA:52,1,0,6
BRDA:74,2,0,2
BRDA:74,2,1,14
BRDA:75,3,0,2
BRDA:75,3,1,1
BRDA:83,4,0,0
BRDA:83,4,1,3
BRDA:88,5,0,1
BRDA:88,5,1,2
BRDA:88,6,0,3
BRDA:88,6,1,1
BRDA:93,7,0,2
BRDA:93,7,1,0
BRDA:145,8,0,1
BRDA:145,8,1,0
BRDA:145,9,0,1
BRDA:145,9,1,1
BRDA:262,10,0,1
BRDA:262,10,1,1
BRF:20
BRH:17
end_of_record
TN:
SF:src\services\conflictResolver.js
FN:80,(anonymous_0)
FN:87,(anonymous_1)
FN:94,(anonymous_2)
FN:106,(anonymous_3)
FN:143,(anonymous_4)
FN:178,(anonymous_5)
FN:274,(anonymous_6)
FN:352,(anonymous_7)
FN:385,(anonymous_8)
FN:452,(anonymous_9)
FN:515,(anonymous_10)
FN:526,(anonymous_11)
FN:542,(anonymous_12)
FN:545,(anonymous_13)
FN:560,(anonymous_14)
FN:576,(anonymous_15)
FN:580,(anonymous_16)
FN:624,(anonymous_17)
FN:634,(anonymous_18)
FN:642,(anonymous_19)
FN:650,(anonymous_20)
FN:661,(anonymous_21)
FN:679,(anonymous_22)
FN:687,(anonymous_23)
FN:694,(anonymous_24)
FN:703,(anonymous_25)
FNF:26
FNH:1
FNDA:0,(anonymous_0)
FNDA:0,(anonymous_1)
FNDA:0,(anonymous_2)
FNDA:0,(anonymous_3)
FNDA:0,(anonymous_4)
FNDA:0,(anonymous_5)
FNDA:0,(anonymous_6)
FNDA:0,(anonymous_7)
FNDA:0,(anonymous_8)
FNDA:0,(anonymous_9)
FNDA:0,(anonymous_10)
FNDA:0,(anonymous_11)
FNDA:0,(anonymous_12)
FNDA:0,(anonymous_13)
FNDA:0,(anonymous_14)
FNDA:0,(anonymous_15)
FNDA:0,(anonymous_16)
FNDA:2,(anonymous_17)
FNDA:0,(anonymous_18)
FNDA:0,(anonymous_19)
FNDA:0,(anonymous_20)
FNDA:0,(anonymous_21)
FNDA:0,(anonymous_22)
FNDA:0,(anonymous_23)
FNDA:0,(anonymous_24)
FNDA:0,(anonymous_25)
DA:50,2
DA:57,2
DA:65,2
DA:80,2
DA:81,0
DA:82,0
DA:83,0
DA:85,0
DA:86,0
DA:87,0
DA:90,0
DA:91,0
DA:92,0
DA:93,0
DA:94,0
DA:97,0
DA:106,2
DA:107,0
DA:110,0
DA:111,0
DA:112,0
DA:121,0
DA:122,0
DA:123,0
DA:131,0
DA:143,2
DA:144,0
DA:147,0
DA:148,0
DA:151,0
DA:158,0
DA:161,0
DA:162,0
DA:165,0
DA:170,0
DA:172,0
DA:178,2
DA:179,0
DA:180,0
DA:186,0
DA:187,0
DA:188,0
DA:189,0
DA:192,0
DA:193,0
DA:194,0
DA:195,0
DA:206,0
DA:207,0
DA:208,0
DA:209,0
DA:222,0
DA:223,0
DA:224,0
DA:226,0
DA:228,0
DA:233,0
DA:247,0
DA:252,0
DA:268,0
DA:274,2
DA:275,0
DA:276,0
DA:282,0
DA:283,0
DA:284,0
DA:285,0
DA:288,0
DA:289,0
DA:290,0
DA:291,0
DA:302,0
DA:303,0
DA:304,0
DA:305,0
DA:318,0
DA:319,0
DA:321,0
DA:322,0
DA:323,0
DA:324,0
DA:326,0
DA:327,0
DA:329,0
DA:330,0
DA:346,0
DA:352,2
DA:353,0
DA:355,0
DA:356,0
DA:358,0
DA:359,0
DA:371,0
DA:385,2
DA:393,0
DA:396,0
DA:406,0
DA:407,0
DA:410,0
DA:413,0
DA:414,0
DA:416,0
DA:418,0
DA:419,0
DA:420,0
DA:422,0
DA:423,0
DA:424,0
DA:425,0
DA:427,0
DA:429,0
DA:430,0
DA:431,0
DA:432,0
DA:433,0
DA:434,0
DA:437,0
DA:441,0
DA:452,2
DA:454,0
DA:455,0
DA:456,0
DA:459,0
DA:460,0
DA:461,0
DA:462,0
DA:466,0
DA:467,0
DA:468,0
DA:470,0
DA:471,0
DA:477,0
DA:478,0
DA:479,0
DA:482,0
DA:483,0
DA:485,0
DA:486,0
DA:487,0
DA:488,0
DA:494,0
DA:495,0
DA:496,0
DA:498,0
DA:499,0
DA:505,0
DA:506,0
DA:507,0
DA:508,0
DA:511,0
DA:512,0
DA:514,0
DA:515,0
DA:526,2
DA:528,0
DA:529,0
DA:533,0
DA:534,0
DA:535,0
DA:539,0
DA:540,0
DA:542,0
DA:544,0
DA:545,0
DA:547,0
DA:551,0
DA:560,2
DA:561,0
DA:563,0
DA:571,0
DA:573,0
DA:574,0
DA:575,0
DA:576,0
DA:578,0
DA:579,0
DA:580,0
DA:582,0
DA:586,0
DA:587,0
DA:588,0
DA:590,0
DA:592,0
DA:593,0
DA:595,0
DA:596,0
DA:597,0
DA:599,0
DA:600,0
DA:601,0
DA:603,0
DA:605,0
DA:606,0
DA:607,0
DA:608,0
DA:611,0
DA:612,0
DA:625,2
DA:626,2
DA:627,2
DA:635,0
DA:643,0
DA:651,0
DA:662,0
DA:664,0
DA:667,0
DA:669,0
DA:671,0
DA:680,0
DA:688,0
DA:695,0
DA:696,0
DA:704,0
DA:705,0
DA:710,2
LF:215
LH:17
BRDA:81,0,0,0
BRDA:81,0,1,0
BRDA:82,1,0,0
BRDA:82,1,1,0
BRDA:82,2,0,0
BRDA:82,2,1,0
BRDA:82,2,2,0
BRDA:82,2,3,0
BRDA:83,3,0,0
BRDA:83,3,1,0
BRDA:85,4,0,0
BRDA:85,4,1,0
BRDA:86,5,0,0
BRDA:86,5,1,0
BRDA:86,6,0,0
BRDA:86,6,1,0
BRDA:90,7,0,0
BRDA:90,7,1,0
BRDA:93,8,0,0
BRDA:93,8,1,0
BRDA:111,9,0,0
BRDA:111,9,1,0
BRDA:115,10,0,0
BRDA:115,10,1,0
BRDA:122,11,0,0
BRDA:122,11,1,0
BRDA:181,12,0,0
BRDA:181,12,1,0
BRDA:182,13,0,0
BRDA:182,13,1,0
BRDA:183,14,0,0
BRDA:183,14,1,0
BRDA:192,15,0,0
BRDA:192,15,1,0
BRDA:192,16,0,0
BRDA:192,16,1,0
BRDA:192,16,2,0
BRDA:194,17,0,0
BRDA:194,17,1,0
BRDA:206,18,0,0
BRDA:206,18,1,0
BRDA:206,19,0,0
BRDA:206,19,1,0
BRDA:206,19,2,0
BRDA:208,20,0,0
BRDA:208,20,1,0
BRDA:222,21,0,0
BRDA:222,21,1,0
BRDA:222,22,0,0
BRDA:222,22,1,0
BRDA:222,22,2,0
BRDA:226,23,0,0
BRDA:226,23,1,0
BRDA:226,24,0,0
BRDA:226,24,1,0
BRDA:226,24,2,0
BRDA:228,25,0,0
BRDA:228,25,1,0
BRDA:229,26,0,0
BRDA:229,26,1,0
BRDA:229,26,2,0
BRDA:247,27,0,0
BRDA:247,27,1,0
BRDA:248,28,0,0
BRDA:248,28,1,0
BRDA:248,28,2,0
BRDA:258,29,0,0
BRDA:258,29,1,0
BRDA:277,30,0,0
BRDA:277,30,1,0
BRDA:278,31,0,0
BRDA:278,31,1,0
BRDA:279,32,0,0
BRDA:279,32,1,0
BRDA:288,33,0,0
BRDA:288,33,1,0
BRDA:288,34,0,0
BRDA:288,34,1,0
BRDA:288,34,2,0
BRDA:290,35,0,0
BRDA:290,35,1,0
BRDA:302,36,0,0
BRDA:302,36,1,0
BRDA:302,37,0,0
BRDA:302,37,1,0
BRDA:302,37,2,0
BRDA:304,38,0,0
BRDA:304,38,1,0
BRDA:318,39,0,0
BRDA:318,39,1,0
BRDA:318,40,0,0
BRDA:318,40,1,0
BRDA:318,40,2,0
BRDA:329,41,0,0
BRDA:329,41,1,0
BRDA:329,42,0,0
BRDA:329,42,1,0
BRDA:329,42,2,0
BRDA:336,43,0,0
BRDA:336,43,1,0
BRDA:358,44,0,0
BRDA:358,44,1,0
BRDA:358,45,0,0
BRDA:358,45,1,0
BRDA:358,45,2,0
BRDA:389,46,0,0
BRDA:390,47,0,0
BRDA:416,48,0,0
BRDA:416,48,1,0
BRDA:420,49,0,0
BRDA:420,49,1,0
BRDA:423,50,0,0
BRDA:423,50,1,0
BRDA:429,51,0,0
BRDA:429,51,1,0
BRDA:432,52,0,0
BRDA:432,52,1,0
BRDA:454,53,0,0
BRDA:454,53,1,0
BRDA:459,54,0,0
BRDA:459,54,1,0
BRDA:459,55,0,0
BRDA:459,55,1,0
BRDA:461,56,0,0
BRDA:461,56,1,0
BRDA:466,57,0,0
BRDA:466,57,1,0
BRDA:466,58,0,0
BRDA:466,58,1,0
BRDA:470,59,0,0
BRDA:470,59,1,0
BRDA:470,60,0,0
BRDA:470,60,1,0
BRDA:477,61,0,0
BRDA:477,61,1,0
BRDA:482,62,0,0
BRDA:482,62,1,0
BRDA:482,63,0,0
BRDA:482,63,1,0
BRDA:486,64,0,0
BRDA:486,64,1,0
BRDA:486,65,0,0
BRDA:486,65,1,0
BRDA:487,66,0,0
BRDA:487,66,1,0
BRDA:494,67,0,0
BRDA:494,67,1,0
BRDA:494,68,0,0
BRDA:494,68,1,0
BRDA:498,69,0,0
BRDA:498,69,1,0
BRDA:498,70,0,0
BRDA:498,70,1,0
BRDA:505,71,0,0
BRDA:505,71,1,0
BRDA:511,72,0,0
BRDA:511,72,1,0
BRDA:511,73,0,0
BRDA:511,73,1,0
BRDA:511,73,2,0
BRDA:515,74,0,0
BRDA:515,74,1,0
BRDA:528,75,0,0
BRDA:528,75,1,0
BRDA:533,76,0,0
BRDA:533,76,1,0
BRDA:533,77,0,0
BRDA:533,77,1,0
BRDA:534,78,0,0
BRDA:534,78,1,0
BRDA:534,79,0,0
BRDA:534,79,1,0
BRDA:539,80,0,0
BRDA:539,80,1,0
BRDA:539,81,0,0
BRDA:539,81,1,0
BRDA:540,82,0,0
BRDA:540,82,1,0
BRDA:540,83,0,0
BRDA:540,83,1,0
BRDA:542,84,0,0
BRDA:542,84,1,0
BRDA:544,85,0,0
BRDA:544,85,1,0
BRDA:545,86,0,0
BRDA:545,86,1,0
BRDA:563,87,0,0
BRDA:563,87,1,0
BRDA:565,88,0,0
BRDA:565,88,1,0
BRDA:567,89,0,0
BRDA:567,89,1,0
BRDA:571,90,0,0
BRDA:571,90,1,0
BRDA:571,91,0,0
BRDA:571,91,1,0
BRDA:573,92,0,0
BRDA:573,92,1,0
BRDA:576,93,0,0
BRDA:576,93,1,0
BRDA:578,94,0,0
BRDA:578,94,1,0
BRDA:586,95,0,0
BRDA:586,95,1,0
BRDA:586,96,0,0
BRDA:586,96,1,0
BRDA:587,97,0,0
BRDA:587,97,1,0
BRDA:590,98,0,0
BRDA:590,98,1,0
BRDA:590,99,0,0
BRDA:590,99,1,0
BRDA:592,100,0,0
BRDA:592,100,1,0
BRDA:595,101,0,0
BRDA:595,101,1,0
BRDA:595,102,0,0
BRDA:595,102,1,0
BRDA:596,103,0,0
BRDA:596,103,1,0
BRDA:599,104,0,0
BRDA:599,104,1,0
BRDA:599,105,0,0
BRDA:599,105,1,0
BRDA:600,106,0,0
BRDA:600,106,1,0
BRDA:603,107,0,0
BRDA:603,107,1,0
BRDA:603,108,0,0
BRDA:603,108,1,0
BRDA:605,109,0,0
BRDA:605,109,1,0
BRDA:607,110,0,0
BRDA:607,110,1,0
BRDA:611,111,0,0
BRDA:611,111,1,0
BRDA:611,112,0,0
BRDA:611,112,1,0
BRDA:661,113,0,0
BRDA:662,114,0,0
BRDA:662,114,1,0
BRF:241
BRH:0
end_of_record
TN:
SF:src\services\syncQueue.js
FN:52,(anonymous_0)
FN:68,(anonymous_1)
FN:70,(anonymous_2)
FN:76,(anonymous_3)
FN:77,(anonymous_4)
FN:83,(anonymous_5)
FN:88,(anonymous_6)
FN:103,(anonymous_7)
FN:119,(anonymous_8)
FN:144,(anonymous_9)
FN:145,(anonymous_10)
FN:155,(anonymous_11)
FN:156,(anonymous_12)
FN:170,(anonymous_13)
FN:171,(anonymous_14)
FN:172,(anonymous_15)
FN:173,(anonymous_16)
FN:191,(anonymous_17)
FN:257,(anonymous_18)
FN:258,(anonymous_19)
FN:280,(anonymous_20)
FN:281,(anonymous_21)
FN:282,(anonymous_22)
FN:288,(anonymous_23)
FN:296,(anonymous_24)
FN:297,(anonymous_25)
FN:310,(anonymous_26)
FNF:27
FNH:11
FNDA:2,(anonymous_0)
FNDA:5,(anonymous_1)
FNDA:5,(anonymous_2)
FNDA:16,(anonymous_3)
FNDA:0,(anonymous_4)
FNDA:2,(anonymous_5)
FNDA:0,(anonymous_6)
FNDA:10,(anonymous_7)
FNDA:4,(anonymous_8)
FNDA:3,(anonymous_9)
FNDA:4,(anonymous_10)
FNDA:0,(anonymous_11)
FNDA:0,(anonymous_12)
FNDA:5,(anonymous_13)
FNDA:0,(anonymous_14)
FNDA:0,(anonymous_15)
FNDA:0,(anonymous_16)
FNDA:4,(anonymous_17)
FNDA:0,(anonymous_18)
FNDA:0,(anonymous_19)
FNDA:0,(anonymous_20)
FNDA:0,(anonymous_21)
FNDA:0,(anonymous_22)
FNDA:0,(anonymous_23)
FNDA:0,(anonymous_24)
FNDA:0,(anonymous_25)
FNDA:0,(anonymous_26)
DA:42,2
DA:43,2
DA:44,2
DA:53,2
DA:54,2
DA:55,2
DA:56,2
DA:57,2
DA:60,2
DA:69,5
DA:70,5
DA:77,16
DA:84,2
DA:85,2
DA:86,2
DA:88,0
DA:95,0
DA:96,0
DA:104,10
DA:105,10
DA:108,0
DA:120,4
DA:130,4
DA:131,4
DA:132,4
DA:135,4
DA:137,4
DA:145,4
DA:146,3
DA:147,3
DA:156,0
DA:157,0
DA:158,0
DA:159,0
DA:160,0
DA:161,0
DA:162,0
DA:171,5
DA:172,5
DA:173,5
DA:175,5
DA:192,4
DA:194,0
DA:195,0
DA:198,4
DA:200,1
DA:201,1
DA:204,3
DA:205,0
DA:208,3
DA:209,3
DA:211,3
DA:214,3
DA:215,3
DA:218,0
DA:219,0
DA:220,0
DA:223,0
DA:224,0
DA:226,0
DA:230,3
DA:231,3
DA:232,3
DA:234,3
DA:236,3
DA:237,3
DA:242,3
DA:243,3
DA:244,3
DA:247,0
DA:250,0
DA:252,0
DA:253,0
DA:256,0
DA:257,0
DA:258,0
DA:259,0
DA:260,0
DA:261,0
DA:268,3
DA:269,3
DA:272,3
DA:274,3
DA:281,0
DA:282,0
DA:283,0
DA:284,0
DA:288,0
DA:289,0
DA:290,0
DA:297,0
DA:298,0
DA:299,0
DA:300,0
DA:303,0
DA:304,0
DA:311,0
DA:312,0
DA:313,0
DA:318,2
LF:100
LH:54
BRDA:86,0,0,0
BRDA:86,0,1,2
BRDA:86,1,0,2
BRDA:86,1,1,0
BRDA:90,2,0,0
BRDA:90,2,1,0
BRDA:157,3,0,0
BRDA:157,3,1,0
BRDA:191,4,0,0
BRDA:192,5,0,0
BRDA:192,5,1,4
BRDA:198,6,0,1
BRDA:198,6,1,3
BRDA:204,7,0,0
BRDA:204,7,1,3
BRDA:215,8,0,0
BRDA:215,8,1,3
BRDA:215,9,0,3
BRDA:215,9,1,0
BRDA:223,10,0,0
BRDA:223,10,1,0
BRDA:236,11,0,3
BRDA:236,11,1,0
BRDA:252,12,0,0
BRDA:252,12,1,0
BRDA:256,13,0,0
BRDA:256,13,1,0
BRDA:259,14,0,0
BRDA:259,14,1,0
BRDA:283,15,0,0
BRDA:283,15,1,0
BRDA:298,16,0,0
BRDA:298,16,1,0
BRF:33
BRH:9
end_of_record
TN:
SF:src\utils\env.js
FNF:0
FNH:0
DA:13,4
DA:16,4
DA:19,4
LF:3
LH:3
BRDA:13,0,0,4
BRDA:13,0,1,4
BRDA:16,1,0,4
BRDA:16,1,1,4
BRDA:19,2,0,4
BRDA:19,2,1,4
BRF:6
BRH:6
end_of_record
TN:
SF:src\utils\storage.js
FN:14,(anonymous_0)
FN:27,(anonymous_1)
FN:41,(anonymous_2)
FNF:3
FNH:2
FNDA:47,(anonymous_0)
FNDA:40,(anonymous_1)
FNDA:0,(anonymous_2)
DA:8,4
DA:14,4
DA:15,47
DA:16,47
DA:19,0
DA:27,4
DA:28,40
DA:29,40
DA:30,40
DA:33,0
DA:34,0
DA:41,4
DA:42,0
DA:43,0
DA:46,0
LF:15
LH:9
BRDA:30,0,0,1
BRDA:30,0,1,39
BRF:2
BRH:2
end_of_record
TN:
SF:src\utils\uuid.js
FN:15,(anonymous_0)
FN:21,(anonymous_1)
FNF:2
FNH:2
FNDA:166,(anonymous_0)
FNDA:53,(anonymous_1)
DA:15,166
DA:21,4
DA:22,53
DA:23,53
DA:24,53
DA:26,53
LF:6
LH:6
BRF:0
BRH:0
end_of_record
